  Asteroid.cpp
D:\Projects\2 sem lab\KYRSOVAYA\Asteroids2\Asteroids2\Asteroid.cpp(16,63): warning C4244: аргумент: преобразование "float" в "GLint", возможна потеря данных
D:\Projects\2 sem lab\KYRSOVAYA\Asteroids2\Asteroids2\Asteroid.cpp(16,47): warning C4244: аргумент: преобразование "float" в "GLint", возможна потеря данных
  Bullet.cpp
D:\Projects\2 sem lab\KYRSOVAYA\Asteroids2\Asteroids2\Bullet.cpp(15,63): warning C4244: аргумент: преобразование "float" в "GLint", возможна потеря данных
D:\Projects\2 sem lab\KYRSOVAYA\Asteroids2\Asteroids2\Bullet.cpp(15,47): warning C4244: аргумент: преобразование "float" в "GLint", возможна потеря данных
  Calculate.cpp
  main.cpp
D:\Projects\2 sem lab\KYRSOVAYA\Asteroids2\Asteroids2\Scene.h(38,28): warning C4305: инициализация: усечение из "double" в "const float"
D:\Projects\2 sem lab\KYRSOVAYA\Asteroids2\Asteroids2\Scene.h(39,28): warning C4305: инициализация: усечение из "double" в "const float"
D:\Projects\2 sem lab\KYRSOVAYA\Asteroids2\Asteroids2\Scene.h(41,33): warning C4305: инициализация: усечение из "double" в "const float"
D:\Projects\2 sem lab\KYRSOVAYA\Asteroids2\Asteroids2\Scene.h(46,54): warning C4305: инициализация: усечение из "double" в "const float"
D:\Projects\2 sem lab\KYRSOVAYA\Asteroids2\Asteroids2\Scene.h(47,60): warning C4305: инициализация: усечение из "double" в "const float"
D:\Projects\2 sem lab\KYRSOVAYA\Asteroids2\Asteroids2\Scene.h(48,60): warning C4305: инициализация: усечение из "double" в "const float"
D:\Projects\2 sem lab\KYRSOVAYA\Asteroids2\Asteroids2\Scene.h(50,60): warning C4305: инициализация: усечение из "double" в "const float"
D:\Projects\2 sem lab\KYRSOVAYA\Asteroids2\Asteroids2\Scene.h(60,28): warning C4305: инициализация: усечение из "double" в "const float"
D:\Projects\2 sem lab\KYRSOVAYA\Asteroids2\Asteroids2\Scene.h(61,27): warning C4305: инициализация: усечение из "double" в "const float"
D:\Projects\2 sem lab\KYRSOVAYA\Asteroids2\Asteroids2\Scene.h(64,35): warning C4305: инициализация: усечение из "double" в "const float"
D:\Projects\2 sem lab\KYRSOVAYA\Asteroids2\Asteroids2\Scene.h(65,32): warning C4305: инициализация: усечение из "double" в "const float"
D:\Projects\2 sem lab\KYRSOVAYA\Asteroids2\Asteroids2\Scene.h(66,32): warning C4305: инициализация: усечение из "double" в "const float"
D:\Projects\2 sem lab\KYRSOVAYA\Asteroids2\Asteroids2\Scene.h(68,36): warning C4305: инициализация: усечение из "double" в "const float"
D:\Projects\2 sem lab\KYRSOVAYA\Asteroids2\Asteroids2\Scene.h(71,36): warning C4305: инициализация: усечение из "double" в "const float"
  Object.cpp
D:\Projects\2 sem lab\KYRSOVAYA\Asteroids2\Asteroids2\Object.cpp(39,23): warning C4244: инициализация: преобразование "float" в "int", возможна потеря данных
D:\Projects\2 sem lab\KYRSOVAYA\Asteroids2\Asteroids2\Object.cpp(42,22): warning C4244: инициализация: преобразование "double" в "float", возможна потеря данных
  Rocket.cpp
D:\Projects\2 sem lab\KYRSOVAYA\Asteroids2\Asteroids2\Rocket.cpp(24,73): warning C4244: аргумент: преобразование "float" в "GLint", возможна потеря данных
D:\Projects\2 sem lab\KYRSOVAYA\Asteroids2\Asteroids2\Rocket.cpp(24,57): warning C4244: аргумент: преобразование "float" в "GLint", возможна потеря данных
  Scene.cpp
D:\Projects\2 sem lab\KYRSOVAYA\Asteroids2\Asteroids2\Scene.h(38,28): warning C4305: инициализация: усечение из "double" в "const float"
D:\Projects\2 sem lab\KYRSOVAYA\Asteroids2\Asteroids2\Scene.h(39,28): warning C4305: инициализация: усечение из "double" в "const float"
D:\Projects\2 sem lab\KYRSOVAYA\Asteroids2\Asteroids2\Scene.h(41,33): warning C4305: инициализация: усечение из "double" в "const float"
D:\Projects\2 sem lab\KYRSOVAYA\Asteroids2\Asteroids2\Scene.h(46,54): warning C4305: инициализация: усечение из "double" в "const float"
D:\Projects\2 sem lab\KYRSOVAYA\Asteroids2\Asteroids2\Scene.h(47,60): warning C4305: инициализация: усечение из "double" в "const float"
D:\Projects\2 sem lab\KYRSOVAYA\Asteroids2\Asteroids2\Scene.h(48,60): warning C4305: инициализация: усечение из "double" в "const float"
D:\Projects\2 sem lab\KYRSOVAYA\Asteroids2\Asteroids2\Scene.h(50,60): warning C4305: инициализация: усечение из "double" в "const float"
D:\Projects\2 sem lab\KYRSOVAYA\Asteroids2\Asteroids2\Scene.h(60,28): warning C4305: инициализация: усечение из "double" в "const float"
D:\Projects\2 sem lab\KYRSOVAYA\Asteroids2\Asteroids2\Scene.h(61,27): warning C4305: инициализация: усечение из "double" в "const float"
D:\Projects\2 sem lab\KYRSOVAYA\Asteroids2\Asteroids2\Scene.h(64,35): warning C4305: инициализация: усечение из "double" в "const float"
D:\Projects\2 sem lab\KYRSOVAYA\Asteroids2\Asteroids2\Scene.h(65,32): warning C4305: инициализация: усечение из "double" в "const float"
D:\Projects\2 sem lab\KYRSOVAYA\Asteroids2\Asteroids2\Scene.h(66,32): warning C4305: инициализация: усечение из "double" в "const float"
D:\Projects\2 sem lab\KYRSOVAYA\Asteroids2\Asteroids2\Scene.h(68,36): warning C4305: инициализация: усечение из "double" в "const float"
D:\Projects\2 sem lab\KYRSOVAYA\Asteroids2\Asteroids2\Scene.h(71,36): warning C4305: инициализация: усечение из "double" в "const float"
D:\Projects\2 sem lab\KYRSOVAYA\Asteroids2\Asteroids2\Scene.cpp(11,19): warning C4244: аргумент: преобразование "time_t" в "unsigned int", возможна потеря данных
D:\Projects\2 sem lab\KYRSOVAYA\Asteroids2\Asteroids2\Scene.cpp(25,37): warning C4244: аргумент: преобразование "double" в "float", возможна потеря данных
D:\Projects\2 sem lab\KYRSOVAYA\Asteroids2\Asteroids2\Scene.cpp(24,37): warning C4244: аргумент: преобразование "double" в "float", возможна потеря данных
D:\Projects\2 sem lab\KYRSOVAYA\Asteroids2\Asteroids2\Scene.cpp(34,38): warning C4244: аргумент: преобразование "double" в "float", возможна потеря данных
D:\Projects\2 sem lab\KYRSOVAYA\Asteroids2\Asteroids2\Scene.cpp(36,38): warning C4244: аргумент: преобразование "double" в "float", возможна потеря данных
D:\Projects\2 sem lab\KYRSOVAYA\Asteroids2\Asteroids2\Scene.cpp(40,38): warning C4244: аргумент: преобразование "double" в "float", возможна потеря данных
D:\Projects\2 sem lab\KYRSOVAYA\Asteroids2\Asteroids2\Scene.cpp(42,38): warning C4244: аргумент: преобразование "double" в "float", возможна потеря данных
D:\Projects\2 sem lab\KYRSOVAYA\Asteroids2\Asteroids2\Scene.cpp(62,27): warning C4018: <: несоответствие типов со знаком и без знака
D:\Projects\2 sem lab\KYRSOVAYA\Asteroids2\Asteroids2\Scene.cpp(75,66): warning C4244: аргумент: преобразование "double" в "float", возможна потеря данных
D:\Projects\2 sem lab\KYRSOVAYA\Asteroids2\Asteroids2\Scene.cpp(75,46): warning C4244: аргумент: преобразование "double" в "float", возможна потеря данных
D:\Projects\2 sem lab\KYRSOVAYA\Asteroids2\Asteroids2\Scene.cpp(75,26): warning C4244: аргумент: преобразование "double" в "float", возможна потеря данных
D:\Projects\2 sem lab\KYRSOVAYA\Asteroids2\Asteroids2\Scene.cpp(86,27): warning C4018: <: несоответствие типов со знаком и без знака
D:\Projects\2 sem lab\KYRSOVAYA\Asteroids2\Asteroids2\Scene.cpp(88,31): warning C4018: <: несоответствие типов со знаком и без знака
D:\Projects\2 sem lab\KYRSOVAYA\Asteroids2\Asteroids2\Scene.cpp(105,27): warning C4018: <: несоответствие типов со знаком и без знака
D:\Projects\2 sem lab\KYRSOVAYA\Asteroids2\Asteroids2\Scene.cpp(117,27): warning C4018: <: несоответствие типов со знаком и без знака
D:\Projects\2 sem lab\KYRSOVAYA\Asteroids2\Asteroids2\Scene.cpp(139,33): warning C4305: инициализация: усечение из "double" в "float"
D:\Projects\2 sem lab\KYRSOVAYA\Asteroids2\Asteroids2\Scene.cpp(141,27): warning C4018: <: несоответствие типов со знаком и без знака
D:\Projects\2 sem lab\KYRSOVAYA\Asteroids2\Asteroids2\Scene.cpp(162,30): warning C4477: "sprintf": в строке форматирования "%d" требуется аргумент типа "int", но вариативный аргумент "1" имеет тип "unsigned __int64"
D:\Projects\2 sem lab\KYRSOVAYA\Asteroids2\Asteroids2\Scene.cpp(162,30): message : рекомендуется использовать "%lld" в строке форматирования
D:\Projects\2 sem lab\KYRSOVAYA\Asteroids2\Asteroids2\Scene.cpp(162,30): message : рекомендуется использовать "%I64d" в строке форматирования
D:\Projects\2 sem lab\KYRSOVAYA\Asteroids2\Asteroids2\Scene.cpp(167,29): warning C4477: "sprintf": в строке форматирования "%d" требуется аргумент типа "int", но вариативный аргумент "1" имеет тип "unsigned __int64"
D:\Projects\2 sem lab\KYRSOVAYA\Asteroids2\Asteroids2\Scene.cpp(167,29): message : рекомендуется использовать "%lld" в строке форматирования
D:\Projects\2 sem lab\KYRSOVAYA\Asteroids2\Asteroids2\Scene.cpp(167,29): message : рекомендуется использовать "%I64d" в строке форматирования
D:\Projects\2 sem lab\KYRSOVAYA\Asteroids2\Asteroids2\Scene.cpp(173,33): warning C4244: аргумент: преобразование "float" в "GLsizei", возможна потеря данных
D:\Projects\2 sem lab\KYRSOVAYA\Asteroids2\Asteroids2\Scene.cpp(173,26): warning C4244: аргумент: преобразование "float" в "GLsizei", возможна потеря данных
D:\Projects\2 sem lab\KYRSOVAYA\Asteroids2\Asteroids2\Scene.cpp(193,27): warning C4018: <: несоответствие типов со знаком и без знака
D:\Projects\2 sem lab\KYRSOVAYA\Asteroids2\Asteroids2\Scene.cpp(215,73): warning C4305: аргумент: усечение из "double" в "float"
D:\Projects\2 sem lab\KYRSOVAYA\Asteroids2\Asteroids2\Scene.cpp(231,75): warning C4305: аргумент: усечение из "double" в "float"
D:\Projects\2 sem lab\KYRSOVAYA\Asteroids2\Asteroids2\Scene.cpp(233,72): warning C4305: аргумент: усечение из "double" в "float"
D:\Projects\2 sem lab\KYRSOVAYA\Asteroids2\Asteroids2\Scene.cpp(235,75): warning C4305: аргумент: усечение из "double" в "float"
D:\Projects\2 sem lab\KYRSOVAYA\Asteroids2\Asteroids2\Scene.cpp(251,72): warning C4305: аргумент: усечение из "double" в "float"
D:\Projects\2 sem lab\KYRSOVAYA\Asteroids2\Asteroids2\Scene.cpp(266,71): warning C4305: аргумент: усечение из "double" в "float"
D:\Projects\2 sem lab\KYRSOVAYA\Asteroids2\Asteroids2\Scene.cpp(282,23): warning C4244: =: преобразование "int" в "float", возможна потеря данных
D:\Projects\2 sem lab\KYRSOVAYA\Asteroids2\Asteroids2\Scene.cpp(283,24): warning C4244: =: преобразование "int" в "float", возможна потеря данных
D:\Projects\2 sem lab\KYRSOVAYA\Asteroids2\Asteroids2\Scene.cpp(284,38): warning C4244: =: преобразование "double" в "float", возможна потеря данных
D:\Projects\2 sem lab\KYRSOVAYA\Asteroids2\Asteroids2\Scene.cpp(285,39): warning C4244: =: преобразование "double" в "float", возможна потеря данных
D:\Projects\2 sem lab\KYRSOVAYA\Asteroids2\Asteroids2\Scene.cpp(345,42): warning C4244: =: преобразование "unsigned __int64" в "int", возможна потеря данных
D:\Projects\2 sem lab\KYRSOVAYA\Asteroids2\Asteroids2\Scene.cpp(377,27): warning C4018: <: несоответствие типов со знаком и без знака
D:\Projects\2 sem lab\KYRSOVAYA\Asteroids2\Asteroids2\Scene.cpp(386,27): warning C4018: <: несоответствие типов со знаком и без знака
D:\Projects\2 sem lab\KYRSOVAYA\Asteroids2\Asteroids2\Scene.cpp(398,27): warning C4018: <: несоответствие типов со знаком и без знака
D:\Projects\2 sem lab\KYRSOVAYA\Asteroids2\Asteroids2\Scene.cpp(407,27): warning C4018: <: несоответствие типов со знаком и без знака
D:\Projects\2 sem lab\KYRSOVAYA\Asteroids2\Asteroids2\Scene.cpp(420,28): warning C4018: >: несоответствие типов со знаком и без знака
D:\Projects\2 sem lab\KYRSOVAYA\Asteroids2\Asteroids2\Scene.cpp(428,55): warning C4244: аргумент: преобразование "unsigned __int64" в "int", возможна потеря данных
D:\Projects\2 sem lab\KYRSOVAYA\Asteroids2\Asteroids2\Scene.cpp(437,27): warning C4018: <: несоответствие типов со знаком и без знака
D:\Projects\2 sem lab\KYRSOVAYA\Asteroids2\Asteroids2\Scene.cpp(505,49): warning C4244: аргумент: преобразование "int" в "float", возможна потеря данных
D:\Projects\2 sem lab\KYRSOVAYA\Asteroids2\Asteroids2\Scene.cpp(528,44): warning C4244: аргумент: преобразование "int" в "float", возможна потеря данных
D:\Projects\2 sem lab\KYRSOVAYA\Asteroids2\Asteroids2\Scene.cpp(547,67): warning C4244: аргумент: преобразование "float" в "int", возможна потеря данных
D:\Projects\2 sem lab\KYRSOVAYA\Asteroids2\Asteroids2\Scene.cpp(548,44): warning C4244: аргумент: преобразование "int" в "float", возможна потеря данных
D:\Projects\2 sem lab\KYRSOVAYA\Asteroids2\Asteroids2\Scene.cpp(578,41): warning C4244: аргумент: преобразование "float" в "int", возможна потеря данных
  utils.cpp
  Создание кода
  Previous IPDB not found, fall back to full compilation.
  All 309 functions were compiled because no usable IPDB/IOBJ from previous compilation was found.
  Создание кода завершено
  Asteroids2.vcxproj -> D:\Projects\2 sem lab\KYRSOVAYA\Asteroids2\Release\Asteroids2.exe
